This file contains any messages produced by compilers while
running configure, to aid debugging if configure makes a mistake.

It was created by configure, which was
generated by GNU Autoconf 2.67.  Invocation command line was

  $ ./configure 

## --------- ##
## Platform. ##
## --------- ##

hostname = linux-gvc3.site
uname -m = x86_64
uname -r = 2.6.36-rc4-16-desktop
uname -s = Linux
uname -v = #1 SMP PREEMPT 2010-09-16 20:58:38 +0200

/usr/bin/uname -p = unknown
/bin/uname -X     = unknown

/bin/arch              = x86_64
/usr/bin/arch -k       = unknown
/usr/convex/getsysinfo = unknown
/usr/bin/hostinfo      = unknown
/bin/machine           = unknown
/usr/bin/oslevel       = unknown
/bin/universe          = unknown

PATH: /home/aeprasad/bin
PATH: /usr/local/bin
PATH: /usr/bin
PATH: /bin
PATH: /usr/bin/X11
PATH: /usr/X11R6/bin
PATH: /usr/games
PATH: /usr/lib64/jvm/jre/bin
PATH: /usr/lib/mit/bin
PATH: /usr/lib/mit/sbin
PATH: .


## ----------- ##
## Core tests. ##
## ----------- ##

configure:2287: configuring spectgen for release
configure:2333: checking whether to enable maintainer-specific portions of Makefiles
configure:2342: result: no
configure:2401: checking for a BSD-compatible install
configure:2469: result: /usr/bin/install -c
configure:2480: checking whether build environment is sane
configure:2530: result: yes
configure:2671: checking for a thread-safe mkdir -p
configure:2710: result: /bin/mkdir -p
configure:2723: checking for gawk
configure:2739: found /usr/bin/gawk
configure:2750: result: gawk
configure:2761: checking whether make sets $(MAKE)
configure:2783: result: yes
configure:2918: checking for gcc
configure:2934: found /usr/bin/gcc
configure:2945: result: gcc
configure:3174: checking for C compiler version
configure:3183: gcc --version >&5
gcc (SUSE Linux) 4.5.1 20100916 [gcc-4_5-branch revision 164333]
Copyright (C) 2010 Free Software Foundation, Inc.
This is free software; see the source for copying conditions.  There is NO
warranty; not even for MERCHANTABILITY or FITNESS FOR A PARTICULAR PURPOSE.

configure:3194: $? = 0
configure:3183: gcc -v >&5
Using built-in specs.
COLLECT_GCC=gcc
COLLECT_LTO_WRAPPER=/usr/lib64/gcc/x86_64-suse-linux/4.5/lto-wrapper
Target: x86_64-suse-linux
Configured with: ../configure --prefix=/usr --infodir=/usr/share/info --mandir=/usr/share/man --libdir=/usr/lib64 --libexecdir=/usr/lib64 --enable-languages=c,c++,objc,fortran,obj-c++,java,ada --enable-checking=release --with-gxx-include-dir=/usr/include/c++/4.5 --enable-ssp --disable-libssp --disable-plugin --with-bugurl=http://bugs.opensuse.org/ --with-pkgversion='SUSE Linux' --disable-libgcj --disable-libmudflap --with-slibdir=/lib64 --with-system-zlib --enable-__cxa_atexit --enable-libstdcxx-allocator=new --disable-libstdcxx-pch --enable-version-specific-runtime-libs --program-suffix=-4.5 --enable-linux-futex --without-system-libunwind --enable-gold --with-plugin-ld=/usr/bin/gold --with-arch-32=i586 --with-tune=generic --build=x86_64-suse-linux
Thread model: posix
gcc version 4.5.1 20100916 [gcc-4_5-branch revision 164333] (SUSE Linux) 
configure:3194: $? = 0
configure:3183: gcc -V >&5
gcc: '-V' option must have argument
configure:3194: $? = 1
configure:3183: gcc -qversion >&5
gcc: unrecognized option '-qversion'
gcc: no input files
configure:3194: $? = 1
configure:3214: checking whether the C compiler works
configure:3236: gcc    conftest.c  >&5
configure:3240: $? = 0
configure:3288: result: yes
configure:3291: checking for C compiler default output file name
configure:3293: result: a.out
configure:3299: checking for suffix of executables
configure:3306: gcc -o conftest    conftest.c  >&5
configure:3310: $? = 0
configure:3332: result: 
configure:3354: checking whether we are cross compiling
configure:3362: gcc -o conftest    conftest.c  >&5
configure:3366: $? = 0
configure:3373: ./conftest
configure:3377: $? = 0
configure:3392: result: no
configure:3397: checking for suffix of object files
configure:3419: gcc -c   conftest.c >&5
configure:3423: $? = 0
configure:3444: result: o
configure:3448: checking whether we are using the GNU C compiler
configure:3467: gcc -c   conftest.c >&5
configure:3467: $? = 0
configure:3476: result: yes
configure:3485: checking whether gcc accepts -g
configure:3505: gcc -c -g  conftest.c >&5
configure:3505: $? = 0
configure:3546: result: yes
configure:3563: checking for gcc option to accept ISO C89
configure:3627: gcc  -c -g -O2  conftest.c >&5
configure:3627: $? = 0
configure:3640: result: none needed
configure:3671: checking for style of include used by make
configure:3699: result: GNU
configure:3724: checking dependency style of gcc
configure:3834: result: gcc3
configure:3878: checking build system type
configure:3892: result: x86_64-unknown-linux-gnu
configure:3912: checking host system type
configure:3925: result: x86_64-unknown-linux-gnu
configure:3945: checking for a sed that does not truncate output
configure:4009: result: /usr/bin/sed
configure:4027: checking for grep that handles long lines and -e
configure:4085: result: /usr/bin/grep
configure:4090: checking for egrep
configure:4152: result: /usr/bin/grep -E
configure:4157: checking for fgrep
configure:4219: result: /usr/bin/grep -F
configure:4254: checking for ld used by gcc
configure:4321: result: /usr/x86_64-suse-linux/bin/ld
configure:4328: checking if the linker (/usr/x86_64-suse-linux/bin/ld) is GNU ld
configure:4343: result: yes
configure:4355: checking for BSD- or MS-compatible name lister (nm)
configure:4404: result: /usr/bin/nm -B
configure:4522: checking the name lister (/usr/bin/nm -B) interface
configure:4529: gcc -c -g -O2  conftest.c >&5
configure:4532: /usr/bin/nm -B "conftest.o"
configure:4535: output
0000000000000000 B some_variable
configure:4542: result: BSD nm
configure:4545: checking whether ln -s works
configure:4549: result: yes
configure:4557: checking the maximum length of command line arguments
configure:4677: result: 1572864
configure:4694: checking whether the shell understands some XSI constructs
configure:4704: result: yes
configure:4708: checking whether the shell understands "+="
configure:4714: result: yes
configure:4749: checking for /usr/x86_64-suse-linux/bin/ld option to reload object files
configure:4756: result: -r
configure:4825: checking for objdump
configure:4841: found /usr/bin/objdump
configure:4852: result: objdump
configure:4884: checking how to recognize dependent libraries
configure:5080: result: pass_all
configure:5140: checking for ar
configure:5156: found /usr/bin/ar
configure:5167: result: ar
configure:5245: checking for strip
configure:5261: found /usr/bin/strip
configure:5272: result: strip
configure:5344: checking for ranlib
configure:5360: found /usr/bin/ranlib
configure:5371: result: ranlib
configure:5461: checking command to parse /usr/bin/nm -B output from gcc object
configure:5579: gcc -c -g -O2  conftest.c >&5
configure:5582: $? = 0
configure:5586: /usr/bin/nm -B conftest.o \| sed -n -e 's/^.*[	 ]\([ABCDGIRSTW][ABCDGIRSTW]*\)[	 ][	 ]*\([_A-Za-z][_A-Za-z0-9]*\)$/\1 \2 \2/p' \> conftest.nm
configure:5589: $? = 0
configure:5643: gcc -o conftest -g -O2   conftest.c conftstm.o >&5
configure:5646: $? = 0
configure:5684: result: ok
configure:5780: gcc -c -g -O2  conftest.c >&5
configure:5783: $? = 0
configure:6493: checking how to run the C preprocessor
configure:6524: gcc -E  conftest.c
configure:6524: $? = 0
configure:6538: gcc -E  conftest.c
conftest.c:15:28: fatal error: ac_nonexistent.h: No such file or directory
compilation terminated.
configure:6538: $? = 1
configure: failed program was:
| /* confdefs.h */
| #define PACKAGE_NAME ""
| #define PACKAGE_TARNAME ""
| #define PACKAGE_VERSION ""
| #define PACKAGE_STRING ""
| #define PACKAGE_BUGREPORT ""
| #define PACKAGE_URL ""
| #define GST_PLUGIN_VERSION "0.1.2"
| #define GST_PLUGIN_VERSION_RELEASE "1"
| #define PACKAGE "spectgen"
| #define VERSION "0.1.2"
| #define PACKAGE "spectgen"
| #define VERSION "0.1.2"
| /* end confdefs.h.  */
| #include <ac_nonexistent.h>
configure:6563: result: gcc -E
configure:6583: gcc -E  conftest.c
configure:6583: $? = 0
configure:6597: gcc -E  conftest.c
conftest.c:15:28: fatal error: ac_nonexistent.h: No such file or directory
compilation terminated.
configure:6597: $? = 1
configure: failed program was:
| /* confdefs.h */
| #define PACKAGE_NAME ""
| #define PACKAGE_TARNAME ""
| #define PACKAGE_VERSION ""
| #define PACKAGE_STRING ""
| #define PACKAGE_BUGREPORT ""
| #define PACKAGE_URL ""
| #define GST_PLUGIN_VERSION "0.1.2"
| #define GST_PLUGIN_VERSION_RELEASE "1"
| #define PACKAGE "spectgen"
| #define VERSION "0.1.2"
| #define PACKAGE "spectgen"
| #define VERSION "0.1.2"
| /* end confdefs.h.  */
| #include <ac_nonexistent.h>
configure:6626: checking for ANSI C header files
configure:6646: gcc -c -g -O2  conftest.c >&5
configure:6646: $? = 0
configure:6719: gcc -o conftest -g -O2   conftest.c  >&5
configure:6719: $? = 0
configure:6719: ./conftest
configure:6719: $? = 0
configure:6730: result: yes
configure:6743: checking for sys/types.h
configure:6743: gcc -c -g -O2  conftest.c >&5
configure:6743: $? = 0
configure:6743: result: yes
configure:6743: checking for sys/stat.h
configure:6743: gcc -c -g -O2  conftest.c >&5
configure:6743: $? = 0
configure:6743: result: yes
configure:6743: checking for stdlib.h
configure:6743: gcc -c -g -O2  conftest.c >&5
configure:6743: $? = 0
configure:6743: result: yes
configure:6743: checking for string.h
configure:6743: gcc -c -g -O2  conftest.c >&5
configure:6743: $? = 0
configure:6743: result: yes
configure:6743: checking for memory.h
configure:6743: gcc -c -g -O2  conftest.c >&5
configure:6743: $? = 0
configure:6743: result: yes
configure:6743: checking for strings.h
configure:6743: gcc -c -g -O2  conftest.c >&5
configure:6743: $? = 0
configure:6743: result: yes
configure:6743: checking for inttypes.h
configure:6743: gcc -c -g -O2  conftest.c >&5
configure:6743: $? = 0
configure:6743: result: yes
configure:6743: checking for stdint.h
configure:6743: gcc -c -g -O2  conftest.c >&5
configure:6743: $? = 0
configure:6743: result: yes
configure:6743: checking for unistd.h
configure:6743: gcc -c -g -O2  conftest.c >&5
configure:6743: $? = 0
configure:6743: result: yes
configure:6757: checking for dlfcn.h
configure:6757: gcc -c -g -O2  conftest.c >&5
configure:6757: $? = 0
configure:6757: result: yes
configure:6941: checking for objdir
configure:6956: result: .libs
configure:7248: checking if gcc supports -fno-rtti -fno-exceptions
configure:7266: gcc -c -g -O2  -fno-rtti -fno-exceptions conftest.c >&5
cc1: warning: command line option "-fno-rtti" is valid for C++/ObjC++ but not for C
configure:7270: $? = 0
configure:7283: result: no
configure:7303: checking for gcc option to produce PIC
configure:7575: result: -fPIC -DPIC
configure:7587: checking if gcc PIC flag -fPIC -DPIC works
configure:7605: gcc -c -g -O2  -fPIC -DPIC -DPIC conftest.c >&5
configure:7609: $? = 0
configure:7622: result: yes
configure:7646: checking if gcc static flag -static works
configure:7674: result: yes
configure:7689: checking if gcc supports -c -o file.o
configure:7710: gcc -c -g -O2  -o out/conftest2.o conftest.c >&5
configure:7714: $? = 0
configure:7736: result: yes
configure:7744: checking if gcc supports -c -o file.o
configure:7791: result: yes
configure:7824: checking whether the gcc linker (/usr/x86_64-suse-linux/bin/ld -m elf_x86_64) supports shared libraries
configure:8810: result: yes
configure:8847: checking whether -lc should be explicitly linked in
configure:8852: gcc -c -g -O2  conftest.c >&5
configure:8855: $? = 0
configure:8870: gcc -shared conftest.o  -v -Wl,-soname -Wl,conftest -o conftest 2\>\&1 \| /usr/bin/grep  -lc  \>/dev/null 2\>\&1
configure:8873: $? = 0
configure:8885: result: no
configure:9049: checking dynamic linker characteristics
configure:9482: gcc -o conftest -g -O2   -Wl,-rpath -Wl,/foo conftest.c  >&5
configure:9482: $? = 0
configure:9700: result: GNU/Linux ld.so
configure:9802: checking how to hardcode library paths into programs
configure:9827: result: immediate
configure:10347: checking whether stripping libraries is possible
configure:10352: result: yes
configure:10387: checking if libtool supports shared libraries
configure:10389: result: yes
configure:10392: checking whether to build shared libraries
configure:10413: result: yes
configure:10416: checking whether to build static libraries
configure:10420: result: yes
configure:10458: checking to see if compiler understands -Wall
configure:10475: gcc -c -g -O2 -Wall  conftest.c >&5
configure:10475: $? = 0
configure:10490: result: yes
configure:10539: checking for pkg-config
configure:10555: found /usr/bin/pkg-config
configure:10567: result: yes
configure:10635: checking for pkg-config
configure:10653: found /usr/bin/pkg-config
configure:10665: result: /usr/bin/pkg-config
configure:10690: checking pkg-config is at least version 0.9.0
configure:10693: result: yes
configure:10703: checking for FFTW
configure:10710: $PKG_CONFIG --exists --print-errors "fftw3f >= $FFTW_REQUIRED"
configure:10713: $? = 0
configure:10726: $PKG_CONFIG --exists --print-errors "fftw3f >= $FFTW_REQUIRED"
configure:10729: $? = 0
configure:10766: result: yes
configure:10784: checking for GST
configure:10792: $PKG_CONFIG --exists --print-errors "\
  gstreamer-$GST_MAJORMINOR >= $GST_REQUIRED"
configure:10796: $? = 0
configure:10811: $PKG_CONFIG --exists --print-errors "\
  gstreamer-$GST_MAJORMINOR >= $GST_REQUIRED"
configure:10815: $? = 0
configure:10855: result: yes
configure:10873: checking for GST_BASE
configure:10880: $PKG_CONFIG --exists --print-errors "gstreamer-base-$GST_MAJORMINOR >= $GST_REQUIRED"
configure:10883: $? = 0
configure:10896: $PKG_CONFIG --exists --print-errors "gstreamer-base-$GST_MAJORMINOR >= $GST_REQUIRED"
configure:10899: $? = 0
configure:10936: result: yes
configure:10951: checking for GSTPB_BASE
configure:10958: $PKG_CONFIG --exists --print-errors "gstreamer-plugins-base-$GST_MAJORMINOR >= $GSTPB_REQUIRED"
Package gstreamer-plugins-base-0.10 was not found in the pkg-config search path.
Perhaps you should add the directory containing `gstreamer-plugins-base-0.10.pc'
to the PKG_CONFIG_PATH environment variable
No package 'gstreamer-plugins-base-0.10' found
configure:10961: $? = 1
configure:10974: $PKG_CONFIG --exists --print-errors "gstreamer-plugins-base-$GST_MAJORMINOR >= $GSTPB_REQUIRED"
Package gstreamer-plugins-base-0.10 was not found in the pkg-config search path.
Perhaps you should add the directory containing `gstreamer-plugins-base-0.10.pc'
to the PKG_CONFIG_PATH environment variable
No package 'gstreamer-plugins-base-0.10' found
configure:10977: $? = 1
configure:10990: result: no
No package 'gstreamer-plugins-base-0.10' found
configure:11020: no GStreamer Plugins Base libraries found (gstreamer-plugins-base-0.10)
configure:11029: checking for GSTCTRL
configure:11036: $PKG_CONFIG --exists --print-errors "gstreamer-controller-$GST_MAJORMINOR >= $GSTPB_REQUIRED"
configure:11039: $? = 0
configure:11052: $PKG_CONFIG --exists --print-errors "gstreamer-controller-$GST_MAJORMINOR >= $GSTPB_REQUIRED"
configure:11055: $? = 0
configure:11092: result: yes
configure:11253: creating ./config.status

## ---------------------- ##
## Running config.status. ##
## ---------------------- ##

This file was extended by config.status, which was
generated by GNU Autoconf 2.67.  Invocation command line was

  CONFIG_FILES    = 
  CONFIG_HEADERS  = 
  CONFIG_LINKS    = 
  CONFIG_COMMANDS = 
  $ ./config.status 

on linux-gvc3.site

config.status:1102: creating Makefile
config.status:1102: creating m4/Makefile
config.status:1102: creating analyzer/Makefile
config.status:1102: creating plugin/Makefile
config.status:1102: creating config.h
config.status:1282: config.h is unchanged
config.status:1330: executing depfiles commands
config.status:1330: executing libtool commands

## ---------------- ##
## Cache variables. ##
## ---------------- ##[]

ac_cv_build=x86_64-unknown-linux-gnu
ac_cv_c_compiler_gnu=yes
ac_cv_env_CC_set=
ac_cv_env_CC_value=
ac_cv_env_CFLAGS_set=
ac_cv_env_CFLAGS_value=
ac_cv_env_CPPFLAGS_set=
ac_cv_env_CPPFLAGS_value=
ac_cv_env_CPP_set=
ac_cv_env_CPP_value=
ac_cv_env_FFTW_CFLAGS_set=
ac_cv_env_FFTW_CFLAGS_value=
ac_cv_env_FFTW_LIBS_set=
ac_cv_env_FFTW_LIBS_value=
ac_cv_env_GSTCTRL_CFLAGS_set=
ac_cv_env_GSTCTRL_CFLAGS_value=
ac_cv_env_GSTCTRL_LIBS_set=
ac_cv_env_GSTCTRL_LIBS_value=
ac_cv_env_GSTPB_BASE_CFLAGS_set=
ac_cv_env_GSTPB_BASE_CFLAGS_value=
ac_cv_env_GSTPB_BASE_LIBS_set=
ac_cv_env_GSTPB_BASE_LIBS_value=
ac_cv_env_GST_BASE_CFLAGS_set=
ac_cv_env_GST_BASE_CFLAGS_value=
ac_cv_env_GST_BASE_LIBS_set=
ac_cv_env_GST_BASE_LIBS_value=
ac_cv_env_GST_CFLAGS_set=
ac_cv_env_GST_CFLAGS_value=
ac_cv_env_GST_LIBS_set=
ac_cv_env_GST_LIBS_value=
ac_cv_env_LDFLAGS_set=
ac_cv_env_LDFLAGS_value=
ac_cv_env_LIBS_set=
ac_cv_env_LIBS_value=
ac_cv_env_PKG_CONFIG_LIBDIR_set=
ac_cv_env_PKG_CONFIG_LIBDIR_value=
ac_cv_env_PKG_CONFIG_PATH_set=
ac_cv_env_PKG_CONFIG_PATH_value=
ac_cv_env_PKG_CONFIG_set=
ac_cv_env_PKG_CONFIG_value=
ac_cv_env_build_alias_set=
ac_cv_env_build_alias_value=
ac_cv_env_host_alias_set=
ac_cv_env_host_alias_value=
ac_cv_env_target_alias_set=
ac_cv_env_target_alias_value=
ac_cv_header_dlfcn_h=yes
ac_cv_header_inttypes_h=yes
ac_cv_header_memory_h=yes
ac_cv_header_stdc=yes
ac_cv_header_stdint_h=yes
ac_cv_header_stdlib_h=yes
ac_cv_header_string_h=yes
ac_cv_header_strings_h=yes
ac_cv_header_sys_stat_h=yes
ac_cv_header_sys_types_h=yes
ac_cv_header_unistd_h=yes
ac_cv_host=x86_64-unknown-linux-gnu
ac_cv_objext=o
ac_cv_path_EGREP='/usr/bin/grep -E'
ac_cv_path_FGREP='/usr/bin/grep -F'
ac_cv_path_GREP=/usr/bin/grep
ac_cv_path_SED=/usr/bin/sed
ac_cv_path_ac_pt_PKG_CONFIG=/usr/bin/pkg-config
ac_cv_path_install='/usr/bin/install -c'
ac_cv_path_mkdir=/bin/mkdir
ac_cv_prog_AWK=gawk
ac_cv_prog_CPP='gcc -E'
ac_cv_prog_HAVE_PKGCONFIG=yes
ac_cv_prog_ac_ct_AR=ar
ac_cv_prog_ac_ct_CC=gcc
ac_cv_prog_ac_ct_OBJDUMP=objdump
ac_cv_prog_ac_ct_RANLIB=ranlib
ac_cv_prog_ac_ct_STRIP=strip
ac_cv_prog_cc_c89=
ac_cv_prog_cc_g=yes
ac_cv_prog_make_make_set=yes
am_cv_CC_dependencies_compiler_type=gcc3
lt_cv_deplibs_check_method=pass_all
lt_cv_file_magic_cmd='$MAGIC_CMD'
lt_cv_file_magic_test_file=
lt_cv_ld_reload_flag=-r
lt_cv_nm_interface='BSD nm'
lt_cv_objdir=.libs
lt_cv_path_LD=/usr/x86_64-suse-linux/bin/ld
lt_cv_path_NM='/usr/bin/nm -B'
lt_cv_prog_compiler_c_o=yes
lt_cv_prog_compiler_pic_works=yes
lt_cv_prog_compiler_rtti_exceptions=no
lt_cv_prog_compiler_static_works=yes
lt_cv_prog_gnu_ld=yes
lt_cv_sys_global_symbol_pipe='sed -n -e '\''s/^.*[	 ]\([ABCDGIRSTW][ABCDGIRSTW]*\)[	 ][	 ]*\([_A-Za-z][_A-Za-z0-9]*\)$/\1 \2 \2/p'\'''
lt_cv_sys_global_symbol_to_c_name_address='sed -n -e '\''s/^: \([^ ]*\) $/  {\"\1\", (void *) 0},/p'\'' -e '\''s/^[ABCDGIRSTW]* \([^ ]*\) \([^ ]*\)$/  {"\2", (void *) \&\2},/p'\'''
lt_cv_sys_global_symbol_to_c_name_address_lib_prefix='sed -n -e '\''s/^: \([^ ]*\) $/  {\"\1\", (void *) 0},/p'\'' -e '\''s/^[ABCDGIRSTW]* \([^ ]*\) \(lib[^ ]*\)$/  {"\2", (void *) \&\2},/p'\'' -e '\''s/^[ABCDGIRSTW]* \([^ ]*\) \([^ ]*\)$/  {"lib\2", (void *) \&\2},/p'\'''
lt_cv_sys_global_symbol_to_cdecl='sed -n -e '\''s/^T .* \(.*\)$/extern int \1();/p'\'' -e '\''s/^[ABCDGIRSTW]* .* \(.*\)$/extern char \1;/p'\'''
lt_cv_sys_max_cmd_len=1572864
pkg_cv_FFTW_CFLAGS=' '
pkg_cv_FFTW_LIBS='-lfftw3f -lm  '
pkg_cv_GSTCTRL_CFLAGS='-pthread -I/usr/include/gstreamer-0.10 -I/usr/include/glib-2.0 -I/usr/lib64/glib-2.0/include -I/usr/include/libxml2  '
pkg_cv_GSTCTRL_LIBS='-pthread -lgstcontroller-0.10 -lgstreamer-0.10 -lgobject-2.0 -lgmodule-2.0 -lxml2 -lgthread-2.0 -lrt -lglib-2.0  '
pkg_cv_GST_BASE_CFLAGS='-pthread -I/usr/include/gstreamer-0.10 -I/usr/include/glib-2.0 -I/usr/lib64/glib-2.0/include -I/usr/include/libxml2  '
pkg_cv_GST_BASE_LIBS='-pthread -lgstbase-0.10 -lgstreamer-0.10 -lgobject-2.0 -lgmodule-2.0 -lxml2 -lgthread-2.0 -lrt -lglib-2.0  '
pkg_cv_GST_CFLAGS='-pthread -I/usr/include/gstreamer-0.10 -I/usr/include/glib-2.0 -I/usr/lib64/glib-2.0/include -I/usr/include/libxml2  '
pkg_cv_GST_LIBS='-pthread -lgstreamer-0.10 -lgobject-2.0 -lgmodule-2.0 -lxml2 -lgthread-2.0 -lrt -lglib-2.0  '

## ----------------- ##
## Output variables. ##
## ----------------- ##[]

ACLOCAL='${SHELL} /home/aeprasad/spectro/spectrogen/missing --run aclocal-1.11'
ACLOCAL_AMFLAGS='-I m4'
AMDEPBACKSLASH='\'
AMDEP_FALSE='#'
AMDEP_TRUE=''
AMTAR='${SHELL} /home/aeprasad/spectro/spectrogen/missing --run tar'
AR='ar'
AUTOCONF='${SHELL} /home/aeprasad/spectro/spectrogen/missing --run autoconf'
AUTOHEADER='${SHELL} /home/aeprasad/spectro/spectrogen/missing --run autoheader'
AUTOMAKE='${SHELL} /home/aeprasad/spectro/spectrogen/missing --run automake-1.11'
AWK='gawk'
CC='gcc'
CCDEPMODE='depmode=gcc3'
CFLAGS='-g -O2'
CPP='gcc -E'
CPPFLAGS=''
CYGPATH_W='echo'
DEFS='-DHAVE_CONFIG_H'
DEPDIR='.deps'
DSYMUTIL=''
DUMPBIN=''
ECHO_C=''
ECHO_N='-n'
ECHO_T=''
EGREP='/usr/bin/grep -E'
EXEEXT=''
FFTW_CFLAGS=' '
FFTW_LIBS='-lfftw3f -lm  '
FGREP='/usr/bin/grep -F'
GREP='/usr/bin/grep'
GSTCTRL_CFLAGS='-pthread -I/usr/include/gstreamer-0.10 -I/usr/include/glib-2.0 -I/usr/lib64/glib-2.0/include -I/usr/include/libxml2  '
GSTCTRL_LIBS='-pthread -lgstcontroller-0.10 -lgstreamer-0.10 -lgobject-2.0 -lgmodule-2.0 -lxml2 -lgthread-2.0 -lrt -lglib-2.0  '
GSTPB_BASE_CFLAGS=''
GSTPB_BASE_LIBS=''
GST_BASE_CFLAGS='-pthread -I/usr/include/gstreamer-0.10 -I/usr/include/glib-2.0 -I/usr/lib64/glib-2.0/include -I/usr/include/libxml2  '
GST_BASE_LIBS='-pthread -lgstbase-0.10 -lgstreamer-0.10 -lgobject-2.0 -lgmodule-2.0 -lxml2 -lgthread-2.0 -lrt -lglib-2.0  '
GST_CFLAGS='-pthread -I/usr/include/gstreamer-0.10 -I/usr/include/glib-2.0 -I/usr/lib64/glib-2.0/include -I/usr/include/libxml2    -Wall'
GST_LIBS='-pthread -lgstreamer-0.10 -lgobject-2.0 -lgmodule-2.0 -lxml2 -lgthread-2.0 -lrt -lglib-2.0  '
GST_MAJORMINOR='0.10'
GST_PLUGIN_LDFLAGS='-module -avoid-version -export-symbols-regex _*\(gst_\|Gst\|GST_\).*'
GST_PLUGIN_VERSION='0.1.2'
GST_PLUGIN_VERSION_MAJOR='0'
GST_PLUGIN_VERSION_MICRO='2'
GST_PLUGIN_VERSION_MINOR='1'
GST_PLUGIN_VERSION_NANO='0'
GST_PLUGIN_VERSION_RELEASE='1'
HAVE_PKGCONFIG='yes'
INSTALL_DATA='${INSTALL} -m 644'
INSTALL_PROGRAM='${INSTALL}'
INSTALL_SCRIPT='${INSTALL}'
INSTALL_STRIP_PROGRAM='$(install_sh) -c -s'
LD='/usr/x86_64-suse-linux/bin/ld -m elf_x86_64'
LDFLAGS=''
LIBOBJS=''
LIBS=''
LIBTOOL='$(SHELL) $(top_builddir)/libtool'
LIPO=''
LN_S='ln -s'
LTLIBOBJS=''
MAINT='#'
MAINTAINER_MODE_FALSE=''
MAINTAINER_MODE_TRUE='#'
MAKEINFO='${SHELL} /home/aeprasad/spectro/spectrogen/missing --run makeinfo'
MKDIR_P='/bin/mkdir -p'
NM='/usr/bin/nm -B'
NMEDIT=''
OBJDUMP='objdump'
OBJEXT='o'
OTOOL64=''
OTOOL=''
PACKAGE='spectgen'
PACKAGE_BUGREPORT=''
PACKAGE_NAME=''
PACKAGE_STRING=''
PACKAGE_TARNAME=''
PACKAGE_URL=''
PACKAGE_VERSION=''
PATH_SEPARATOR=':'
PKG_CONFIG='/usr/bin/pkg-config'
PKG_CONFIG_LIBDIR=''
PKG_CONFIG_PATH=''
RANLIB='ranlib'
SED='/usr/bin/sed'
SET_MAKE=''
SHELL='/bin/sh'
STRIP='strip'
VERSION='0.1.2'
ac_ct_CC='gcc'
ac_ct_DUMPBIN=''
am__EXEEXT_FALSE=''
am__EXEEXT_TRUE='#'
am__fastdepCC_FALSE='#'
am__fastdepCC_TRUE=''
am__include='include'
am__isrc=''
am__leading_dot='.'
am__quote=''
am__tar='${AMTAR} chof - "$$tardir"'
am__untar='${AMTAR} xf -'
bindir='${exec_prefix}/bin'
build='x86_64-unknown-linux-gnu'
build_alias=''
build_cpu='x86_64'
build_os='linux-gnu'
build_vendor='unknown'
datadir='${datarootdir}'
datarootdir='${prefix}/share'
docdir='${datarootdir}/doc/${PACKAGE}'
dvidir='${docdir}'
exec_prefix='${prefix}'
host='x86_64-unknown-linux-gnu'
host_alias=''
host_cpu='x86_64'
host_os='linux-gnu'
host_vendor='unknown'
htmldir='${docdir}'
includedir='${prefix}/include'
infodir='${datarootdir}/info'
install_sh='${SHELL} /home/aeprasad/spectro/spectrogen/install-sh'
libdir='${exec_prefix}/lib'
libexecdir='${exec_prefix}/libexec'
localedir='${datarootdir}/locale'
localstatedir='${prefix}/var'
lt_ECHO='echo'
mandir='${datarootdir}/man'
mkdir_p='/bin/mkdir -p'
oldincludedir='/usr/include'
pdfdir='${docdir}'
plugindir='/usr/lib64/gstreamer-0.10'
prefix='/usr/local'
program_transform_name='s,x,x,'
psdir='${docdir}'
sbindir='${exec_prefix}/sbin'
sharedstatedir='${prefix}/com'
sysconfdir='${prefix}/etc'
target_alias=''

## ----------- ##
## confdefs.h. ##
## ----------- ##[]

/* confdefs.h */
#define PACKAGE_NAME ""
#define PACKAGE_TARNAME ""
#define PACKAGE_VERSION ""
#define PACKAGE_STRING ""
#define PACKAGE_BUGREPORT ""
#define PACKAGE_URL ""
#define GST_PLUGIN_VERSION "0.1.2"
#define GST_PLUGIN_VERSION_RELEASE "1"
#define PACKAGE "spectgen"
#define VERSION "0.1.2"
#define PACKAGE "spectgen"
#define VERSION "0.1.2"
#define STDC_HEADERS 1
#define HAVE_SYS_TYPES_H 1
#define HAVE_SYS_STAT_H 1
#define HAVE_STDLIB_H 1
#define HAVE_STRING_H 1
#define HAVE_MEMORY_H 1
#define HAVE_STRINGS_H 1
#define HAVE_INTTYPES_H 1
#define HAVE_STDINT_H 1
#define HAVE_UNISTD_H 1
#define HAVE_DLFCN_H 1
#define LT_OBJDIR ".libs/"

configure: exit 0
